[ 2017-11-30T20:56:37+08:00 ] 127.0.0.1 /
INFO: [ app_init ] --START--
INFO: Run Behavior\BuildLiteBehavior [ RunTime:0.000039s ]
INFO: [ app_init ] --END-- [ RunTime:0.012693s ]
INFO: [ app_begin ] --START--
INFO: Run Behavior\ReadHtmlCacheBehavior [ RunTime:0.018004s ]
INFO: [ app_begin ] --END-- [ RunTime:0.018171s ]
INFO: [ view_parse ] --START--
INFO: [ template_filter ] --START--
INFO: Run Behavior\ContentReplaceBehavior [ RunTime:0.000081s ]
INFO: [ template_filter ] --END-- [ RunTime:0.000211s ]
INFO: Run Behavior\ParseTemplateBehavior [ RunTime:0.070922s ]
INFO: [ view_parse ] --END-- [ RunTime:0.071081s ]
INFO: [ view_filter ] --START--
INFO: Run Behavior\WriteHtmlCacheBehavior [ RunTime:0.010882s ]
INFO: [ view_filter ] --END-- [ RunTime:0.010997s ]
INFO: [ app_end ] --START--
INFO: Run Behavior\ShowPageTraceBehavior [ RunTime:0.007166s ]
INFO: [ app_end ] --END-- [ RunTime:0.007273s ]

[ 2017-11-30T20:56:37+08:00 ] 127.0.0.1 /favicon.ico
INFO: [ app_init ] --START--
INFO: Run Behavior\BuildLiteBehavior [ RunTime:0.000054s ]
INFO: [ app_init ] --END-- [ RunTime:0.000938s ]

[ 2017-11-30T20:59:24+08:00 ] 127.0.0.1 /
INFO: [ app_init ] --START--
INFO: Run Behavior\BuildLiteBehavior [ RunTime:0.000036s ]
INFO: [ app_init ] --END-- [ RunTime:0.000680s ]
INFO: [ app_begin ] --START--
INFO: Run Behavior\ReadHtmlCacheBehavior [ RunTime:0.000908s ]
INFO: [ app_begin ] --END-- [ RunTime:0.001109s ]
INFO: [ view_parse ] --START--
INFO: Run Behavior\ParseTemplateBehavior [ RunTime:0.000760s ]
INFO: [ view_parse ] --END-- [ RunTime:0.000958s ]
INFO: [ view_filter ] --START--
INFO: Run Behavior\WriteHtmlCacheBehavior [ RunTime:0.000570s ]
INFO: [ view_filter ] --END-- [ RunTime:0.000739s ]
INFO: [ app_end ] --START--
INFO: Run Behavior\ShowPageTraceBehavior [ RunTime:0.000842s ]
INFO: [ app_end ] --END-- [ RunTime:0.001011s ]

[ 2017-11-30T21:22:29+08:00 ] 127.0.0.1 /order/index
INFO: [ app_init ] --START--
INFO: Run Behavior\BuildLiteBehavior [ RunTime:0.000029s ]
INFO: [ app_init ] --END-- [ RunTime:0.000531s ]
INFO: [ app_begin ] --START--
INFO: Run Behavior\ReadHtmlCacheBehavior [ RunTime:0.000690s ]
INFO: [ app_begin ] --END-- [ RunTime:0.000821s ]

[ 2017-11-30T21:23:46+08:00 ] 127.0.0.1 /order/index
INFO: [ app_init ] --START--
INFO: Run Behavior\BuildLiteBehavior [ RunTime:0.000036s ]
INFO: [ app_init ] --END-- [ RunTime:0.000679s ]
INFO: [ app_begin ] --START--
INFO: Run Behavior\ReadHtmlCacheBehavior [ RunTime:0.000967s ]
INFO: [ app_begin ] --END-- [ RunTime:0.001159s ]
ERR: SQLSTATE[HY000] [1049] Unknown database 'logistics'

[ 2017-11-30T21:25:28+08:00 ] 127.0.0.1 /order/index
INFO: [ app_init ] --START--
INFO: Run Behavior\BuildLiteBehavior [ RunTime:0.000038s ]
INFO: [ app_init ] --END-- [ RunTime:0.000718s ]
INFO: [ app_begin ] --START--
INFO: Run Behavior\ReadHtmlCacheBehavior [ RunTime:0.000941s ]
INFO: [ app_begin ] --END-- [ RunTime:0.001135s ]
ERR: 1146:Table 'logisitcs.order_goods' doesn't exist
 [ SQL语句 ] : SHOW COLUMNS FROM `order_goods`
ERR: 1146:Table 'logisitcs.order_goods' doesn't exist
 [ SQL语句 ] : SHOW COLUMNS FROM `order_goods`

[ 2017-11-30T21:26:39+08:00 ] 127.0.0.1 /order/index
INFO: [ app_init ] --START--
INFO: Run Behavior\BuildLiteBehavior [ RunTime:0.000043s ]
INFO: [ app_init ] --END-- [ RunTime:0.000748s ]
INFO: [ app_begin ] --START--
INFO: Run Behavior\ReadHtmlCacheBehavior [ RunTime:0.001165s ]
INFO: [ app_begin ] --END-- [ RunTime:0.001527s ]
ERR: 1146:Table 'logisitcs.order_goods' doesn't exist
 [ SQL语句 ] : SHOW COLUMNS FROM `order_goods`
ERR: 1146:Table 'logisitcs.order_goods' doesn't exist
 [ SQL语句 ] : SHOW COLUMNS FROM `order_goods`

[ 2017-11-30T21:26:40+08:00 ] 127.0.0.1 /order/index
INFO: [ app_init ] --START--
INFO: Run Behavior\BuildLiteBehavior [ RunTime:0.000057s ]
INFO: [ app_init ] --END-- [ RunTime:0.000998s ]
INFO: [ app_begin ] --START--
INFO: Run Behavior\ReadHtmlCacheBehavior [ RunTime:0.001022s ]
INFO: [ app_begin ] --END-- [ RunTime:0.001299s ]
ERR: 1146:Table 'logisitcs.order_goods' doesn't exist
 [ SQL语句 ] : SHOW COLUMNS FROM `order_goods`
ERR: 1146:Table 'logisitcs.order_goods' doesn't exist
 [ SQL语句 ] : SHOW COLUMNS FROM `order_goods`

[ 2017-11-30T21:26:40+08:00 ] 127.0.0.1 /order/index
INFO: [ app_init ] --START--
INFO: Run Behavior\BuildLiteBehavior [ RunTime:0.000046s ]
INFO: [ app_init ] --END-- [ RunTime:0.000773s ]
INFO: [ app_begin ] --START--
INFO: Run Behavior\ReadHtmlCacheBehavior [ RunTime:0.000834s ]
INFO: [ app_begin ] --END-- [ RunTime:0.001056s ]
ERR: 1146:Table 'logisitcs.order_goods' doesn't exist
 [ SQL语句 ] : SHOW COLUMNS FROM `order_goods`
ERR: 1146:Table 'logisitcs.order_goods' doesn't exist
 [ SQL语句 ] : SHOW COLUMNS FROM `order_goods`

[ 2017-11-30T21:26:41+08:00 ] 127.0.0.1 /order/index
INFO: [ app_init ] --START--
INFO: Run Behavior\BuildLiteBehavior [ RunTime:0.000040s ]
INFO: [ app_init ] --END-- [ RunTime:0.000685s ]
INFO: [ app_begin ] --START--
INFO: Run Behavior\ReadHtmlCacheBehavior [ RunTime:0.000738s ]
INFO: [ app_begin ] --END-- [ RunTime:0.000935s ]
ERR: 1146:Table 'logisitcs.order_goods' doesn't exist
 [ SQL语句 ] : SHOW COLUMNS FROM `order_goods`
ERR: 1146:Table 'logisitcs.order_goods' doesn't exist
 [ SQL语句 ] : SHOW COLUMNS FROM `order_goods`

[ 2017-11-30T21:26:41+08:00 ] 127.0.0.1 /order/index
INFO: [ app_init ] --START--
INFO: Run Behavior\BuildLiteBehavior [ RunTime:0.000039s ]
INFO: [ app_init ] --END-- [ RunTime:0.000801s ]
INFO: [ app_begin ] --START--
INFO: Run Behavior\ReadHtmlCacheBehavior [ RunTime:0.000636s ]
INFO: [ app_begin ] --END-- [ RunTime:0.000812s ]
ERR: 1146:Table 'logisitcs.order_goods' doesn't exist
 [ SQL语句 ] : SHOW COLUMNS FROM `order_goods`
ERR: 1146:Table 'logisitcs.order_goods' doesn't exist
 [ SQL语句 ] : SHOW COLUMNS FROM `order_goods`

[ 2017-11-30T21:26:41+08:00 ] 127.0.0.1 /order/index
INFO: [ app_init ] --START--
INFO: Run Behavior\BuildLiteBehavior [ RunTime:0.000039s ]
INFO: [ app_init ] --END-- [ RunTime:0.000614s ]
INFO: [ app_begin ] --START--
INFO: Run Behavior\ReadHtmlCacheBehavior [ RunTime:0.000656s ]
INFO: [ app_begin ] --END-- [ RunTime:0.000835s ]
ERR: 1146:Table 'logisitcs.order_goods' doesn't exist
 [ SQL语句 ] : SHOW COLUMNS FROM `order_goods`
ERR: 1146:Table 'logisitcs.order_goods' doesn't exist
 [ SQL语句 ] : SHOW COLUMNS FROM `order_goods`

[ 2017-11-30T21:26:41+08:00 ] 127.0.0.1 /order/index
INFO: [ app_init ] --START--
INFO: Run Behavior\BuildLiteBehavior [ RunTime:0.000031s ]
INFO: [ app_init ] --END-- [ RunTime:0.000523s ]
INFO: [ app_begin ] --START--
INFO: Run Behavior\ReadHtmlCacheBehavior [ RunTime:0.000605s ]
INFO: [ app_begin ] --END-- [ RunTime:0.000759s ]
ERR: 1146:Table 'logisitcs.order_goods' doesn't exist
 [ SQL语句 ] : SHOW COLUMNS FROM `order_goods`
ERR: 1146:Table 'logisitcs.order_goods' doesn't exist
 [ SQL语句 ] : SHOW COLUMNS FROM `order_goods`

[ 2017-11-30T21:26:41+08:00 ] 127.0.0.1 /order/index
INFO: [ app_init ] --START--
INFO: Run Behavior\BuildLiteBehavior [ RunTime:0.000035s ]
INFO: [ app_init ] --END-- [ RunTime:0.000608s ]
INFO: [ app_begin ] --START--
INFO: Run Behavior\ReadHtmlCacheBehavior [ RunTime:0.000658s ]
INFO: [ app_begin ] --END-- [ RunTime:0.000837s ]
ERR: 1146:Table 'logisitcs.order_goods' doesn't exist
 [ SQL语句 ] : SHOW COLUMNS FROM `order_goods`
ERR: 1146:Table 'logisitcs.order_goods' doesn't exist
 [ SQL语句 ] : SHOW COLUMNS FROM `order_goods`

[ 2017-11-30T21:26:41+08:00 ] 127.0.0.1 /order/index
INFO: [ app_init ] --START--
INFO: Run Behavior\BuildLiteBehavior [ RunTime:0.000047s ]
INFO: [ app_init ] --END-- [ RunTime:0.000817s ]
INFO: [ app_begin ] --START--
INFO: Run Behavior\ReadHtmlCacheBehavior [ RunTime:0.000856s ]
INFO: [ app_begin ] --END-- [ RunTime:0.001081s ]
ERR: 1146:Table 'logisitcs.order_goods' doesn't exist
 [ SQL语句 ] : SHOW COLUMNS FROM `order_goods`
ERR: 1146:Table 'logisitcs.order_goods' doesn't exist
 [ SQL语句 ] : SHOW COLUMNS FROM `order_goods`

[ 2017-11-30T21:26:42+08:00 ] 127.0.0.1 /order/index
INFO: [ app_init ] --START--
INFO: Run Behavior\BuildLiteBehavior [ RunTime:0.000040s ]
INFO: [ app_init ] --END-- [ RunTime:0.000664s ]
INFO: [ app_begin ] --START--
INFO: Run Behavior\ReadHtmlCacheBehavior [ RunTime:0.000691s ]
INFO: [ app_begin ] --END-- [ RunTime:0.000876s ]
ERR: 1146:Table 'logisitcs.order_goods' doesn't exist
 [ SQL语句 ] : SHOW COLUMNS FROM `order_goods`
ERR: 1146:Table 'logisitcs.order_goods' doesn't exist
 [ SQL语句 ] : SHOW COLUMNS FROM `order_goods`

[ 2017-11-30T21:26:42+08:00 ] 127.0.0.1 /order/index
INFO: [ app_init ] --START--
INFO: Run Behavior\BuildLiteBehavior [ RunTime:0.000024s ]
INFO: [ app_init ] --END-- [ RunTime:0.000365s ]
INFO: [ app_begin ] --START--
INFO: Run Behavior\ReadHtmlCacheBehavior [ RunTime:0.000383s ]
INFO: [ app_begin ] --END-- [ RunTime:0.000484s ]
ERR: 1146:Table 'logisitcs.order_goods' doesn't exist
 [ SQL语句 ] : SHOW COLUMNS FROM `order_goods`
ERR: 1146:Table 'logisitcs.order_goods' doesn't exist
 [ SQL语句 ] : SHOW COLUMNS FROM `order_goods`

[ 2017-11-30T21:26:42+08:00 ] 127.0.0.1 /order/index
INFO: [ app_init ] --START--
INFO: Run Behavior\BuildLiteBehavior [ RunTime:0.000048s ]
INFO: [ app_init ] --END-- [ RunTime:0.000841s ]
INFO: [ app_begin ] --START--
INFO: Run Behavior\ReadHtmlCacheBehavior [ RunTime:0.000884s ]
INFO: [ app_begin ] --END-- [ RunTime:0.001123s ]
ERR: 1146:Table 'logisitcs.order_goods' doesn't exist
 [ SQL语句 ] : SHOW COLUMNS FROM `order_goods`
ERR: 1146:Table 'logisitcs.order_goods' doesn't exist
 [ SQL语句 ] : SHOW COLUMNS FROM `order_goods`

[ 2017-11-30T21:26:42+08:00 ] 127.0.0.1 /order/index
INFO: [ app_init ] --START--
INFO: Run Behavior\BuildLiteBehavior [ RunTime:0.000143s ]
INFO: [ app_init ] --END-- [ RunTime:0.001495s ]
INFO: [ app_begin ] --START--
INFO: Run Behavior\ReadHtmlCacheBehavior [ RunTime:0.000615s ]
INFO: [ app_begin ] --END-- [ RunTime:0.000782s ]
ERR: 1146:Table 'logisitcs.order_goods' doesn't exist
 [ SQL语句 ] : SHOW COLUMNS FROM `order_goods`
ERR: 1146:Table 'logisitcs.order_goods' doesn't exist
 [ SQL语句 ] : SHOW COLUMNS FROM `order_goods`

[ 2017-11-30T21:26:42+08:00 ] 127.0.0.1 /order/index
INFO: [ app_init ] --START--
INFO: Run Behavior\BuildLiteBehavior [ RunTime:0.000038s ]
INFO: [ app_init ] --END-- [ RunTime:0.000703s ]
INFO: [ app_begin ] --START--
INFO: Run Behavior\ReadHtmlCacheBehavior [ RunTime:0.000684s ]
INFO: [ app_begin ] --END-- [ RunTime:0.000867s ]
ERR: 1146:Table 'logisitcs.order_goods' doesn't exist
 [ SQL语句 ] : SHOW COLUMNS FROM `order_goods`
ERR: 1146:Table 'logisitcs.order_goods' doesn't exist
 [ SQL语句 ] : SHOW COLUMNS FROM `order_goods`

[ 2017-11-30T21:27:21+08:00 ] 127.0.0.1 /order/index
INFO: [ app_init ] --START--
INFO: Run Behavior\BuildLiteBehavior [ RunTime:0.000042s ]
INFO: [ app_init ] --END-- [ RunTime:0.000785s ]
INFO: [ app_begin ] --START--
INFO: Run Behavior\ReadHtmlCacheBehavior [ RunTime:0.001017s ]
INFO: [ app_begin ] --END-- [ RunTime:0.001215s ]
ERR: 1146:Table 'logisitcs.order_goods' doesn't exist
 [ SQL语句 ] : SHOW COLUMNS FROM `order_goods`
ERR: 1146:Table 'logisitcs.order_goods' doesn't exist
 [ SQL语句 ] : SHOW COLUMNS FROM `order_goods`

[ 2017-11-30T21:27:21+08:00 ] 127.0.0.1 /order/index
INFO: [ app_init ] --START--
INFO: Run Behavior\BuildLiteBehavior [ RunTime:0.000058s ]
INFO: [ app_init ] --END-- [ RunTime:0.000961s ]
INFO: [ app_begin ] --START--
INFO: Run Behavior\ReadHtmlCacheBehavior [ RunTime:0.001005s ]
INFO: [ app_begin ] --END-- [ RunTime:0.001287s ]
ERR: 1146:Table 'logisitcs.order_goods' doesn't exist
 [ SQL语句 ] : SHOW COLUMNS FROM `order_goods`
ERR: 1146:Table 'logisitcs.order_goods' doesn't exist
 [ SQL语句 ] : SHOW COLUMNS FROM `order_goods`

[ 2017-11-30T21:29:17+08:00 ] 127.0.0.1 /order/index
INFO: [ app_init ] --START--
INFO: Run Behavior\BuildLiteBehavior [ RunTime:0.000040s ]
INFO: [ app_init ] --END-- [ RunTime:0.000764s ]
INFO: [ app_begin ] --START--
INFO: Run Behavior\ReadHtmlCacheBehavior [ RunTime:0.001031s ]
INFO: [ app_begin ] --END-- [ RunTime:0.001223s ]
ERR: 1146:Table 'logisitcs.order_goods' doesn't exist
 [ SQL语句 ] : SHOW COLUMNS FROM `order_goods`
ERR: 1146:Table 'logisitcs.order_goods' doesn't exist
 [ SQL语句 ] : SHOW COLUMNS FROM `order_goods`

[ 2017-11-30T21:29:18+08:00 ] 127.0.0.1 /order/index
INFO: [ app_init ] --START--
INFO: Run Behavior\BuildLiteBehavior [ RunTime:0.000022s ]
INFO: [ app_init ] --END-- [ RunTime:0.000357s ]
INFO: [ app_begin ] --START--
INFO: Run Behavior\ReadHtmlCacheBehavior [ RunTime:0.000445s ]
INFO: [ app_begin ] --END-- [ RunTime:0.000561s ]
ERR: 1146:Table 'logisitcs.order_goods' doesn't exist
 [ SQL语句 ] : SHOW COLUMNS FROM `order_goods`
ERR: 1146:Table 'logisitcs.order_goods' doesn't exist
 [ SQL语句 ] : SHOW COLUMNS FROM `order_goods`

[ 2017-11-30T21:29:18+08:00 ] 127.0.0.1 /order/index
INFO: [ app_init ] --START--
INFO: Run Behavior\BuildLiteBehavior [ RunTime:0.000035s ]
INFO: [ app_init ] --END-- [ RunTime:0.000581s ]
INFO: [ app_begin ] --START--
INFO: Run Behavior\ReadHtmlCacheBehavior [ RunTime:0.000616s ]
INFO: [ app_begin ] --END-- [ RunTime:0.000788s ]
ERR: 1146:Table 'logisitcs.order_goods' doesn't exist
 [ SQL语句 ] : SHOW COLUMNS FROM `order_goods`
ERR: 1146:Table 'logisitcs.order_goods' doesn't exist
 [ SQL语句 ] : SHOW COLUMNS FROM `order_goods`

[ 2017-11-30T21:29:18+08:00 ] 127.0.0.1 /order/index
INFO: [ app_init ] --START--
INFO: Run Behavior\BuildLiteBehavior [ RunTime:0.000054s ]
INFO: [ app_init ] --END-- [ RunTime:0.000928s ]
INFO: [ app_begin ] --START--
INFO: Run Behavior\ReadHtmlCacheBehavior [ RunTime:0.000943s ]
INFO: [ app_begin ] --END-- [ RunTime:0.001199s ]
ERR: 1146:Table 'logisitcs.order_goods' doesn't exist
 [ SQL语句 ] : SHOW COLUMNS FROM `order_goods`
ERR: 1146:Table 'logisitcs.order_goods' doesn't exist
 [ SQL语句 ] : SHOW COLUMNS FROM `order_goods`

[ 2017-11-30T21:29:18+08:00 ] 127.0.0.1 /order/index
INFO: [ app_init ] --START--
INFO: Run Behavior\BuildLiteBehavior [ RunTime:0.000038s ]
INFO: [ app_init ] --END-- [ RunTime:0.000639s ]
INFO: [ app_begin ] --START--
INFO: Run Behavior\ReadHtmlCacheBehavior [ RunTime:0.000680s ]
INFO: [ app_begin ] --END-- [ RunTime:0.000866s ]
ERR: 1146:Table 'logisitcs.order_goods' doesn't exist
 [ SQL语句 ] : SHOW COLUMNS FROM `order_goods`
ERR: 1146:Table 'logisitcs.order_goods' doesn't exist
 [ SQL语句 ] : SHOW COLUMNS FROM `order_goods`

[ 2017-11-30T21:29:19+08:00 ] 127.0.0.1 /order/index
INFO: [ app_init ] --START--
INFO: Run Behavior\BuildLiteBehavior [ RunTime:0.000037s ]
INFO: [ app_init ] --END-- [ RunTime:0.000631s ]
INFO: [ app_begin ] --START--
INFO: Run Behavior\ReadHtmlCacheBehavior [ RunTime:0.000654s ]
INFO: [ app_begin ] --END-- [ RunTime:0.000831s ]
ERR: 1146:Table 'logisitcs.order_goods' doesn't exist
 [ SQL语句 ] : SHOW COLUMNS FROM `order_goods`
ERR: 1146:Table 'logisitcs.order_goods' doesn't exist
 [ SQL语句 ] : SHOW COLUMNS FROM `order_goods`

[ 2017-11-30T21:29:19+08:00 ] 127.0.0.1 /order/index
INFO: [ app_init ] --START--
INFO: Run Behavior\BuildLiteBehavior [ RunTime:0.000035s ]
INFO: [ app_init ] --END-- [ RunTime:0.000583s ]
INFO: [ app_begin ] --START--
INFO: Run Behavior\ReadHtmlCacheBehavior [ RunTime:0.000613s ]
INFO: [ app_begin ] --END-- [ RunTime:0.000784s ]
ERR: 1146:Table 'logisitcs.order_goods' doesn't exist
 [ SQL语句 ] : SHOW COLUMNS FROM `order_goods`
ERR: 1146:Table 'logisitcs.order_goods' doesn't exist
 [ SQL语句 ] : SHOW COLUMNS FROM `order_goods`

[ 2017-11-30T21:29:19+08:00 ] 127.0.0.1 /order/index
INFO: [ app_init ] --START--
INFO: Run Behavior\BuildLiteBehavior [ RunTime:0.000035s ]
INFO: [ app_init ] --END-- [ RunTime:0.000580s ]
INFO: [ app_begin ] --START--
INFO: Run Behavior\ReadHtmlCacheBehavior [ RunTime:0.000615s ]
INFO: [ app_begin ] --END-- [ RunTime:0.000781s ]
ERR: 1146:Table 'logisitcs.order_goods' doesn't exist
 [ SQL语句 ] : SHOW COLUMNS FROM `order_goods`
ERR: 1146:Table 'logisitcs.order_goods' doesn't exist
 [ SQL语句 ] : SHOW COLUMNS FROM `order_goods`

[ 2017-11-30T21:30:27+08:00 ] 127.0.0.1 /order/index
INFO: [ app_init ] --START--
INFO: Run Behavior\BuildLiteBehavior [ RunTime:0.000035s ]
INFO: [ app_init ] --END-- [ RunTime:0.000668s ]
INFO: [ app_begin ] --START--
INFO: Run Behavior\ReadHtmlCacheBehavior [ RunTime:0.000887s ]
INFO: [ app_begin ] --END-- [ RunTime:0.001060s ]
ERR: 1146:Table 'logisitcs.order_goods' doesn't exist
 [ SQL语句 ] : SHOW COLUMNS FROM `order_goods`
ERR: 1146:Table 'logisitcs.order_goods' doesn't exist
 [ SQL语句 ] : SHOW COLUMNS FROM `order_goods`

[ 2017-11-30T21:30:27+08:00 ] 127.0.0.1 /favicon.ico
INFO: [ app_init ] --START--
INFO: Run Behavior\BuildLiteBehavior [ RunTime:0.000027s ]
INFO: [ app_init ] --END-- [ RunTime:0.000366s ]

[ 2017-11-30T21:30:27+08:00 ] 127.0.0.1 /order/index
INFO: [ app_init ] --START--
INFO: Run Behavior\BuildLiteBehavior [ RunTime:0.000020s ]
INFO: [ app_init ] --END-- [ RunTime:0.000339s ]
INFO: [ app_begin ] --START--
INFO: Run Behavior\ReadHtmlCacheBehavior [ RunTime:0.000354s ]
INFO: [ app_begin ] --END-- [ RunTime:0.000454s ]
ERR: 1146:Table 'logisitcs.order_goods' doesn't exist
 [ SQL语句 ] : SHOW COLUMNS FROM `order_goods`
ERR: 1146:Table 'logisitcs.order_goods' doesn't exist
 [ SQL语句 ] : SHOW COLUMNS FROM `order_goods`

[ 2017-11-30T21:30:27+08:00 ] 127.0.0.1 /favicon.ico
INFO: [ app_init ] --START--
INFO: Run Behavior\BuildLiteBehavior [ RunTime:0.000021s ]
INFO: [ app_init ] --END-- [ RunTime:0.000349s ]

[ 2017-11-30T21:30:27+08:00 ] 127.0.0.1 /order/index
INFO: [ app_init ] --START--
INFO: Run Behavior\BuildLiteBehavior [ RunTime:0.000039s ]
INFO: [ app_init ] --END-- [ RunTime:0.000597s ]
INFO: [ app_begin ] --START--
INFO: Run Behavior\ReadHtmlCacheBehavior [ RunTime:0.000613s ]
INFO: [ app_begin ] --END-- [ RunTime:0.000785s ]
ERR: 1146:Table 'logisitcs.order_goods' doesn't exist
 [ SQL语句 ] : SHOW COLUMNS FROM `order_goods`
ERR: 1146:Table 'logisitcs.order_goods' doesn't exist
 [ SQL语句 ] : SHOW COLUMNS FROM `order_goods`

[ 2017-11-30T21:30:27+08:00 ] 127.0.0.1 /favicon.ico
INFO: [ app_init ] --START--
INFO: Run Behavior\BuildLiteBehavior [ RunTime:0.000025s ]
INFO: [ app_init ] --END-- [ RunTime:0.000438s ]

[ 2017-11-30T21:30:27+08:00 ] 127.0.0.1 /order/index
INFO: [ app_init ] --START--
INFO: Run Behavior\BuildLiteBehavior [ RunTime:0.000046s ]
INFO: [ app_init ] --END-- [ RunTime:0.000756s ]
INFO: [ app_begin ] --START--
INFO: Run Behavior\ReadHtmlCacheBehavior [ RunTime:0.000802s ]
INFO: [ app_begin ] --END-- [ RunTime:0.001033s ]
ERR: 1146:Table 'logisitcs.order_goods' doesn't exist
 [ SQL语句 ] : SHOW COLUMNS FROM `order_goods`
ERR: 1146:Table 'logisitcs.order_goods' doesn't exist
 [ SQL语句 ] : SHOW COLUMNS FROM `order_goods`

[ 2017-11-30T21:30:27+08:00 ] 127.0.0.1 /favicon.ico
INFO: [ app_init ] --START--
INFO: Run Behavior\BuildLiteBehavior [ RunTime:0.000021s ]
INFO: [ app_init ] --END-- [ RunTime:0.000346s ]

[ 2017-11-30T21:30:29+08:00 ] 127.0.0.1 /order/index
INFO: [ app_init ] --START--
INFO: Run Behavior\BuildLiteBehavior [ RunTime:0.000028s ]
INFO: [ app_init ] --END-- [ RunTime:0.000474s ]
INFO: [ app_begin ] --START--
INFO: Run Behavior\ReadHtmlCacheBehavior [ RunTime:0.000472s ]
INFO: [ app_begin ] --END-- [ RunTime:0.000601s ]
ERR: 1146:Table 'logisitcs.order_goods' doesn't exist
 [ SQL语句 ] : SHOW COLUMNS FROM `order_goods`
ERR: 1146:Table 'logisitcs.order_goods' doesn't exist
 [ SQL语句 ] : SHOW COLUMNS FROM `order_goods`

[ 2017-11-30T21:30:30+08:00 ] 127.0.0.1 /order/index
INFO: [ app_init ] --START--
INFO: Run Behavior\BuildLiteBehavior [ RunTime:0.000026s ]
INFO: [ app_init ] --END-- [ RunTime:0.000443s ]
INFO: [ app_begin ] --START--
INFO: Run Behavior\ReadHtmlCacheBehavior [ RunTime:0.000466s ]
INFO: [ app_begin ] --END-- [ RunTime:0.000594s ]
ERR: 1146:Table 'logisitcs.order_goods' doesn't exist
 [ SQL语句 ] : SHOW COLUMNS FROM `order_goods`
ERR: 1146:Table 'logisitcs.order_goods' doesn't exist
 [ SQL语句 ] : SHOW COLUMNS FROM `order_goods`

[ 2017-11-30T21:30:30+08:00 ] 127.0.0.1 /order/index
INFO: [ app_init ] --START--
INFO: Run Behavior\BuildLiteBehavior [ RunTime:0.000026s ]
INFO: [ app_init ] --END-- [ RunTime:0.000453s ]
INFO: [ app_begin ] --START--
INFO: Run Behavior\ReadHtmlCacheBehavior [ RunTime:0.000513s ]
INFO: [ app_begin ] --END-- [ RunTime:0.000645s ]
ERR: 1146:Table 'logisitcs.order_goods' doesn't exist
 [ SQL语句 ] : SHOW COLUMNS FROM `order_goods`
ERR: 1146:Table 'logisitcs.order_goods' doesn't exist
 [ SQL语句 ] : SHOW COLUMNS FROM `order_goods`

[ 2017-11-30T21:30:30+08:00 ] 127.0.0.1 /order/index
INFO: [ app_init ] --START--
INFO: Run Behavior\BuildLiteBehavior [ RunTime:0.000030s ]
INFO: [ app_init ] --END-- [ RunTime:0.000495s ]
INFO: [ app_begin ] --START--
INFO: Run Behavior\ReadHtmlCacheBehavior [ RunTime:0.000500s ]
INFO: [ app_begin ] --END-- [ RunTime:0.000636s ]
ERR: 1146:Table 'logisitcs.order_goods' doesn't exist
 [ SQL语句 ] : SHOW COLUMNS FROM `order_goods`
ERR: 1146:Table 'logisitcs.order_goods' doesn't exist
 [ SQL语句 ] : SHOW COLUMNS FROM `order_goods`

[ 2017-11-30T21:30:30+08:00 ] 127.0.0.1 /order/index
INFO: [ app_init ] --START--
INFO: Run Behavior\BuildLiteBehavior [ RunTime:0.000027s ]
INFO: [ app_init ] --END-- [ RunTime:0.000452s ]
INFO: [ app_begin ] --START--
INFO: Run Behavior\ReadHtmlCacheBehavior [ RunTime:0.000514s ]
INFO: [ app_begin ] --END-- [ RunTime:0.000650s ]
ERR: 1146:Table 'logisitcs.order_goods' doesn't exist
 [ SQL语句 ] : SHOW COLUMNS FROM `order_goods`
ERR: 1146:Table 'logisitcs.order_goods' doesn't exist
 [ SQL语句 ] : SHOW COLUMNS FROM `order_goods`

[ 2017-11-30T21:30:43+08:00 ] 127.0.0.1 /order/index
INFO: [ app_init ] --START--
INFO: Run Behavior\BuildLiteBehavior [ RunTime:0.000037s ]
INFO: [ app_init ] --END-- [ RunTime:0.000719s ]
INFO: [ app_begin ] --START--
INFO: Run Behavior\ReadHtmlCacheBehavior [ RunTime:0.001054s ]
INFO: [ app_begin ] --END-- [ RunTime:0.001256s ]
ERR: 1146:Table 'logisitcs.order_goods' doesn't exist
 [ SQL语句 ] : SHOW COLUMNS FROM `order_goods`
ERR: 1146:Table 'logisitcs.order_goods' doesn't exist
 [ SQL语句 ] : SHOW COLUMNS FROM `order_goods`

[ 2017-11-30T21:30:50+08:00 ] 127.0.0.1 /order/index
INFO: [ app_init ] --START--
INFO: Run Behavior\BuildLiteBehavior [ RunTime:0.000034s ]
INFO: [ app_init ] --END-- [ RunTime:0.000581s ]
INFO: [ app_begin ] --START--
INFO: Run Behavior\ReadHtmlCacheBehavior [ RunTime:0.000610s ]
INFO: [ app_begin ] --END-- [ RunTime:0.000786s ]
ERR: 1146:Table 'logisitcs.order_goods' doesn't exist
 [ SQL语句 ] : SHOW COLUMNS FROM `order_goods`
ERR: 1146:Table 'logisitcs.order_goods' doesn't exist
 [ SQL语句 ] : SHOW COLUMNS FROM `order_goods`

[ 2017-11-30T21:31:02+08:00 ] 127.0.0.1 /order/index
INFO: [ app_init ] --START--
INFO: Run Behavior\BuildLiteBehavior [ RunTime:0.000034s ]
INFO: [ app_init ] --END-- [ RunTime:0.000578s ]
INFO: [ app_begin ] --START--
INFO: Run Behavior\ReadHtmlCacheBehavior [ RunTime:0.000604s ]
INFO: [ app_begin ] --END-- [ RunTime:0.000772s ]
ERR: 1146:Table 'logisitcs.order_goods111' doesn't exist
 [ SQL语句 ] : SHOW COLUMNS FROM `order_goods111`
ERR: 1146:Table 'logisitcs.order_goods111' doesn't exist
 [ SQL语句 ] : SHOW COLUMNS FROM `order_goods111`

[ 2017-11-30T21:32:32+08:00 ] 127.0.0.1 /order/index
INFO: [ app_init ] --START--
INFO: Run Behavior\BuildLiteBehavior [ RunTime:0.000030s ]
INFO: [ app_init ] --END-- [ RunTime:0.000490s ]
INFO: [ app_begin ] --START--
INFO: Run Behavior\ReadHtmlCacheBehavior [ RunTime:0.000520s ]
INFO: [ app_begin ] --END-- [ RunTime:0.000659s ]
ERR: 1146:Table 'logisitcs.order_goods' doesn't exist
 [ SQL语句 ] : SHOW COLUMNS FROM `order_goods`
ERR: 1146:Table 'logisitcs.order_goods' doesn't exist
 [ SQL语句 ] : SHOW COLUMNS FROM `order_goods`

[ 2017-11-30T21:33:56+08:00 ] 127.0.0.1 /order/index
INFO: [ app_init ] --START--
INFO: Run Behavior\BuildLiteBehavior [ RunTime:0.000039s ]
INFO: [ app_init ] --END-- [ RunTime:0.000736s ]
INFO: [ app_begin ] --START--
INFO: Run Behavior\ReadHtmlCacheBehavior [ RunTime:0.000954s ]
INFO: [ app_begin ] --END-- [ RunTime:0.001144s ]
SQL: SHOW COLUMNS FROM `order_goods` [ RunTime:0.0166s ]
NOTIC: [2] Missing argument 1 for Api\Model\OrderGoodsModel::findGoodsByPk(), called in E:\zyweb\logistics\App\Api\Controller\OrderController.class.php on line 7 and defined E:\zyweb\logistics\App\Api\Model\OrderGoodsModel.class.php 第 10 行.
SQL: SELECT * FROM `order_goods`  [ RunTime:0.0003s ]
INFO: [ app_end ] --START--
INFO: Run Behavior\ShowPageTraceBehavior [ RunTime:0.000599s ]
INFO: [ app_end ] --END-- [ RunTime:0.000701s ]

[ 2017-11-30T21:35:42+08:00 ] 127.0.0.1 /order/index
INFO: [ app_init ] --START--
INFO: Run Behavior\BuildLiteBehavior [ RunTime:0.000055s ]
INFO: [ app_init ] --END-- [ RunTime:0.001050s ]
INFO: [ app_begin ] --START--
INFO: Run Behavior\ReadHtmlCacheBehavior [ RunTime:0.000928s ]
INFO: [ app_begin ] --END-- [ RunTime:0.001136s ]
ERR: 1146:Table 'logisitcs.order_goods' doesn't exist
 [ SQL语句 ] : SHOW COLUMNS FROM `order_goods`
ERR: 1146:Table 'logisitcs.order_goods' doesn't exist
 [ SQL语句 ] : SHOW COLUMNS FROM `order_goods`

[ 2017-11-30T21:37:03+08:00 ] 127.0.0.1 /order/index
INFO: [ app_init ] --START--
INFO: Run Behavior\BuildLiteBehavior [ RunTime:0.000047s ]
INFO: [ app_init ] --END-- [ RunTime:0.001014s ]
INFO: [ app_begin ] --START--
INFO: Run Behavior\ReadHtmlCacheBehavior [ RunTime:0.001176s ]
INFO: [ app_begin ] --END-- [ RunTime:0.001463s ]
SQL: SHOW COLUMNS FROM `ordergoods` [ RunTime:0.0125s ]
NOTIC: [2] Missing argument 1 for Api\Model\OrderGoodsModel::findGoodsByPk(), called in E:\zyweb\logistics\App\Api\Controller\OrderController.class.php on line 7 and defined E:\zyweb\logistics\App\Api\Model\OrderGoodsModel.class.php 第 10 行.
SQL: SELECT * FROM `ordergoods`  [ RunTime:0.0002s ]
INFO: [ app_end ] --START--
INFO: Run Behavior\ShowPageTraceBehavior [ RunTime:0.000721s ]
INFO: [ app_end ] --END-- [ RunTime:0.000839s ]

[ 2017-11-30T21:38:48+08:00 ] 127.0.0.1 /order/index
INFO: [ app_init ] --START--
INFO: Run Behavior\BuildLiteBehavior [ RunTime:0.000038s ]
INFO: [ app_init ] --END-- [ RunTime:0.000736s ]
INFO: [ app_begin ] --START--
INFO: Run Behavior\ReadHtmlCacheBehavior [ RunTime:0.000954s ]
INFO: [ app_begin ] --END-- [ RunTime:0.001145s ]
SQL: SHOW COLUMNS FROM `ordergoods` [ RunTime:0.0123s ]
NOTIC: [2] Missing argument 1 for Api\Model\OrderGoodsModel::findGoodsByPk(), called in E:\zyweb\logistics\App\Api\Controller\OrderController.class.php on line 7 and defined E:\zyweb\logistics\App\Api\Model\OrderGoodsModel.class.php 第 10 行.
SQL: SELECT * FROM `ordergoods`  [ RunTime:0.0003s ]
INFO: [ app_end ] --START--
INFO: Run Behavior\ShowPageTraceBehavior [ RunTime:0.000583s ]
INFO: [ app_end ] --END-- [ RunTime:0.000697s ]

[ 2017-11-30T22:28:10+08:00 ] 127.0.0.1 /order/index
INFO: [ app_init ] --START--
INFO: Run Behavior\BuildLiteBehavior [ RunTime:0.000037s ]
INFO: [ app_init ] --END-- [ RunTime:0.000717s ]
INFO: [ app_begin ] --START--
INFO: Run Behavior\ReadHtmlCacheBehavior [ RunTime:0.000911s ]
INFO: [ app_begin ] --END-- [ RunTime:0.001085s ]

[ 2017-11-30T22:45:15+08:00 ] 127.0.0.1 /order/index
INFO: [ app_init ] --START--
INFO: Run Behavior\BuildLiteBehavior [ RunTime:0.000039s ]
INFO: [ app_init ] --END-- [ RunTime:0.000779s ]
INFO: [ app_begin ] --START--
INFO: Run Behavior\ReadHtmlCacheBehavior [ RunTime:0.000941s ]
INFO: [ app_begin ] --END-- [ RunTime:0.001125s ]
SQL: SHOW COLUMNS FROM `ordergoods` [ RunTime:0.0165s ]
NOTIC: [2] Missing argument 1 for Api\Model\OrderGoodsModel::findGoodsByPk(), called in E:\zyweb\logistics\App\Api\Controller\OrderController.class.php on line 7 and defined E:\zyweb\logistics\App\Api\Model\OrderGoodsModel.class.php 第 19 行.
NOTIC: [8] Undefined variable: id E:\zyweb\logistics\App\Api\Model\OrderGoodsModel.class.php 第 20 行.
ERR: 1054:Unknown column 'goodsType' in 'field list'
 [ SQL语句 ] : SELECT `goodsName` AS `name`,`goodsType` AS `type`,`count` AS `number`,`goodsWeight` AS `weight`,`goodsLength`,`goodsWidth`,`goodsHeight` FROM `ordergoods` WHERE `id` = null LIMIT 1  
ERR: 1054:Unknown column 'goodsType' in 'field list'
 [ SQL语句 ] : SELECT `goodsName` AS `name`,`goodsType` AS `type`,`count` AS `number`,`goodsWeight` AS `weight`,`goodsLength`,`goodsWidth`,`goodsHeight` FROM `ordergoods` WHERE `id` = null LIMIT 1  

[ 2017-11-30T22:46:12+08:00 ] 127.0.0.1 /order/index
INFO: [ app_init ] --START--
INFO: Run Behavior\BuildLiteBehavior [ RunTime:0.000034s ]
INFO: [ app_init ] --END-- [ RunTime:0.000721s ]
INFO: [ app_begin ] --START--
INFO: Run Behavior\ReadHtmlCacheBehavior [ RunTime:0.000896s ]
INFO: [ app_begin ] --END-- [ RunTime:0.001067s ]
SQL: SHOW COLUMNS FROM `ordergoods` [ RunTime:0.0137s ]
NOTIC: [2] Missing argument 1 for Api\Model\OrderGoodsModel::findGoodsByPk(), called in E:\zyweb\logistics\App\Api\Controller\OrderController.class.php on line 7 and defined E:\zyweb\logistics\App\Api\Model\OrderGoodsModel.class.php 第 19 行.
NOTIC: [8] Undefined variable: id E:\zyweb\logistics\App\Api\Model\OrderGoodsModel.class.php 第 20 行.
SQL: SELECT `goodsName` AS `name`,`goodsType` AS `type`,`count` AS `number`,`goodsWeight` AS `weight`,`goodsLength`,`goodsWidth`,`goodsHeight` FROM `ordergoods` WHERE `id` = null LIMIT 1   [ RunTime:0.0483s ]
INFO: [ app_end ] --START--
INFO: Run Behavior\ShowPageTraceBehavior [ RunTime:0.002390s ]
INFO: [ app_end ] --END-- [ RunTime:0.002725s ]

[ 2017-11-30T22:46:32+08:00 ] 127.0.0.1 /order/index
INFO: [ app_init ] --START--
INFO: Run Behavior\BuildLiteBehavior [ RunTime:0.000068s ]
INFO: [ app_init ] --END-- [ RunTime:0.000956s ]
INFO: [ app_begin ] --START--
INFO: Run Behavior\ReadHtmlCacheBehavior [ RunTime:0.000965s ]
INFO: [ app_begin ] --END-- [ RunTime:0.001241s ]
SQL: SHOW COLUMNS FROM `ordergoods` [ RunTime:0.0133s ]
SQL: SELECT `goodsName` AS `name`,`goodsType` AS `type`,`count` AS `number`,`goodsWeight` AS `weight`,`goodsLength`,`goodsWidth`,`goodsHeight` FROM `ordergoods` WHERE `id` = 1 LIMIT 1   [ RunTime:0.0261s ]
INFO: [ app_end ] --START--
INFO: Run Behavior\ShowPageTraceBehavior [ RunTime:0.000572s ]
INFO: [ app_end ] --END-- [ RunTime:0.000674s ]

[ 2017-11-30T22:48:51+08:00 ] 127.0.0.1 /order/index
INFO: [ app_init ] --START--
INFO: Run Behavior\BuildLiteBehavior [ RunTime:0.000025s ]
INFO: [ app_init ] --END-- [ RunTime:0.000446s ]
INFO: [ app_begin ] --START--
INFO: Run Behavior\ReadHtmlCacheBehavior [ RunTime:0.000546s ]
INFO: [ app_begin ] --END-- [ RunTime:0.000648s ]
SQL: SHOW COLUMNS FROM `ordergoods` [ RunTime:0.0117s ]
SQL: SELECT `goodsName` AS `name`,`goodsType` AS `type`,`count` AS `number`,`goodsWeight` AS `weight`,`goodsLength`,`goodsWidth`,`goodsHeight` FROM `ordergoods` WHERE `id` = 1 LIMIT 1   [ RunTime:0.0003s ]
NOTIC: [8] Undefined index: goodsLength E:\zyweb\logistics\App\Api\Model\OrderGoodsModel.class.php 第 31 行.
NOTIC: [8] Undefined index: goodsWidth E:\zyweb\logistics\App\Api\Model\OrderGoodsModel.class.php 第 31 行.
NOTIC: [8] Undefined index: goodsHeight E:\zyweb\logistics\App\Api\Model\OrderGoodsModel.class.php 第 31 行.
INFO: [ app_end ] --START--
INFO: Run Behavior\ShowPageTraceBehavior [ RunTime:0.001266s ]
INFO: [ app_end ] --END-- [ RunTime:0.001502s ]

[ 2017-11-30T22:49:13+08:00 ] 127.0.0.1 /order/index
INFO: [ app_init ] --START--
INFO: Run Behavior\BuildLiteBehavior [ RunTime:0.000034s ]
INFO: [ app_init ] --END-- [ RunTime:0.000664s ]
INFO: [ app_begin ] --START--
INFO: Run Behavior\ReadHtmlCacheBehavior [ RunTime:0.000853s ]
INFO: [ app_begin ] --END-- [ RunTime:0.001025s ]
SQL: SHOW COLUMNS FROM `ordergoods` [ RunTime:0.0354s ]
SQL: SELECT `goodsName` AS `name`,`goodsType` AS `type`,`count` AS `number`,`goodsWeight` AS `weight`,`goodsLength`,`goodsWidth`,`goodsHeight` FROM `ordergoods` WHERE `id` = 1 LIMIT 1   [ RunTime:0.0008s ]
NOTIC: [8] Undefined index: goodsLength E:\zyweb\logistics\App\Api\Model\OrderGoodsModel.class.php 第 31 行.
NOTIC: [8] Undefined index: goodsWidth E:\zyweb\logistics\App\Api\Model\OrderGoodsModel.class.php 第 31 行.
NOTIC: [8] Undefined index: goodsHeight E:\zyweb\logistics\App\Api\Model\OrderGoodsModel.class.php 第 31 行.
INFO: [ app_end ] --START--
INFO: Run Behavior\ShowPageTraceBehavior [ RunTime:0.001931s ]
INFO: [ app_end ] --END-- [ RunTime:0.002306s ]

[ 2017-11-30T22:49:41+08:00 ] 127.0.0.1 /order/index
INFO: [ app_init ] --START--
INFO: Run Behavior\BuildLiteBehavior [ RunTime:0.000039s ]
INFO: [ app_init ] --END-- [ RunTime:0.000675s ]
INFO: [ app_begin ] --START--
INFO: Run Behavior\ReadHtmlCacheBehavior [ RunTime:0.000722s ]
INFO: [ app_begin ] --END-- [ RunTime:0.000919s ]
SQL: SHOW COLUMNS FROM `ordergoods` [ RunTime:0.0130s ]
SQL: SELECT `goodsName` AS `name`,`goodsType` AS `type`,`count` AS `number`,`goodsWeight` AS `weight`,`goodsLength`,`goodsWidth`,`goodsHeight` FROM `ordergoods` WHERE `id` = 1 LIMIT 1   [ RunTime:0.0003s ]
NOTIC: [8] Undefined index: goodsLength E:\zyweb\logistics\App\Api\Model\OrderGoodsModel.class.php 第 31 行.
NOTIC: [8] Undefined index: goodsWidth E:\zyweb\logistics\App\Api\Model\OrderGoodsModel.class.php 第 31 行.
NOTIC: [8] Undefined index: goodsHeight E:\zyweb\logistics\App\Api\Model\OrderGoodsModel.class.php 第 31 行.
INFO: [ app_end ] --START--
INFO: Run Behavior\ShowPageTraceBehavior [ RunTime:0.000505s ]
INFO: [ app_end ] --END-- [ RunTime:0.000613s ]

[ 2017-11-30T22:49:42+08:00 ] 127.0.0.1 /order/index
INFO: [ app_init ] --START--
INFO: Run Behavior\BuildLiteBehavior [ RunTime:0.000054s ]
INFO: [ app_init ] --END-- [ RunTime:0.000907s ]
INFO: [ app_begin ] --START--
INFO: Run Behavior\ReadHtmlCacheBehavior [ RunTime:0.000972s ]
INFO: [ app_begin ] --END-- [ RunTime:0.001286s ]
SQL: SHOW COLUMNS FROM `ordergoods` [ RunTime:0.0127s ]
SQL: SELECT `goodsName` AS `name`,`goodsType` AS `type`,`count` AS `number`,`goodsWeight` AS `weight`,`goodsLength`,`goodsWidth`,`goodsHeight` FROM `ordergoods` WHERE `id` = 1 LIMIT 1   [ RunTime:0.0002s ]
NOTIC: [8] Undefined index: goodsLength E:\zyweb\logistics\App\Api\Model\OrderGoodsModel.class.php 第 31 行.
NOTIC: [8] Undefined index: goodsWidth E:\zyweb\logistics\App\Api\Model\OrderGoodsModel.class.php 第 31 行.
NOTIC: [8] Undefined index: goodsHeight E:\zyweb\logistics\App\Api\Model\OrderGoodsModel.class.php 第 31 行.
INFO: [ app_end ] --START--
INFO: Run Behavior\ShowPageTraceBehavior [ RunTime:0.000440s ]
INFO: [ app_end ] --END-- [ RunTime:0.000536s ]

[ 2017-11-30T22:49:42+08:00 ] 127.0.0.1 /order/index
INFO: [ app_init ] --START--
INFO: Run Behavior\BuildLiteBehavior [ RunTime:0.000043s ]
INFO: [ app_init ] --END-- [ RunTime:0.000724s ]
INFO: [ app_begin ] --START--
INFO: Run Behavior\ReadHtmlCacheBehavior [ RunTime:0.000769s ]
INFO: [ app_begin ] --END-- [ RunTime:0.000976s ]
SQL: SHOW COLUMNS FROM `ordergoods` [ RunTime:0.0078s ]
SQL: SELECT `goodsName` AS `name`,`goodsType` AS `type`,`count` AS `number`,`goodsWeight` AS `weight`,`goodsLength`,`goodsWidth`,`goodsHeight` FROM `ordergoods` WHERE `id` = 1 LIMIT 1   [ RunTime:0.0002s ]
NOTIC: [8] Undefined index: goodsLength E:\zyweb\logistics\App\Api\Model\OrderGoodsModel.class.php 第 31 行.
NOTIC: [8] Undefined index: goodsWidth E:\zyweb\logistics\App\Api\Model\OrderGoodsModel.class.php 第 31 行.
NOTIC: [8] Undefined index: goodsHeight E:\zyweb\logistics\App\Api\Model\OrderGoodsModel.class.php 第 31 行.
INFO: [ app_end ] --START--
INFO: Run Behavior\ShowPageTraceBehavior [ RunTime:0.000461s ]
INFO: [ app_end ] --END-- [ RunTime:0.000559s ]

[ 2017-11-30T22:49:42+08:00 ] 127.0.0.1 /order/index
INFO: [ app_init ] --START--
INFO: Run Behavior\BuildLiteBehavior [ RunTime:0.000076s ]
INFO: [ app_init ] --END-- [ RunTime:0.001292s ]
INFO: [ app_begin ] --START--
INFO: Run Behavior\ReadHtmlCacheBehavior [ RunTime:0.000550s ]
INFO: [ app_begin ] --END-- [ RunTime:0.000696s ]
SQL: SHOW COLUMNS FROM `ordergoods` [ RunTime:0.0088s ]
SQL: SELECT `goodsName` AS `name`,`goodsType` AS `type`,`count` AS `number`,`goodsWeight` AS `weight`,`goodsLength`,`goodsWidth`,`goodsHeight` FROM `ordergoods` WHERE `id` = 1 LIMIT 1   [ RunTime:0.0004s ]
NOTIC: [8] Undefined index: goodsLength E:\zyweb\logistics\App\Api\Model\OrderGoodsModel.class.php 第 31 行.
NOTIC: [8] Undefined index: goodsWidth E:\zyweb\logistics\App\Api\Model\OrderGoodsModel.class.php 第 31 行.
NOTIC: [8] Undefined index: goodsHeight E:\zyweb\logistics\App\Api\Model\OrderGoodsModel.class.php 第 31 行.
INFO: [ app_end ] --START--
INFO: Run Behavior\ShowPageTraceBehavior [ RunTime:0.000644s ]
INFO: [ app_end ] --END-- [ RunTime:0.000788s ]

[ 2017-11-30T22:49:43+08:00 ] 127.0.0.1 /order/index
INFO: [ app_init ] --START--
INFO: Run Behavior\BuildLiteBehavior [ RunTime:0.000036s ]
INFO: [ app_init ] --END-- [ RunTime:0.000590s ]
INFO: [ app_begin ] --START--
INFO: Run Behavior\ReadHtmlCacheBehavior [ RunTime:0.000625s ]
INFO: [ app_begin ] --END-- [ RunTime:0.000792s ]
SQL: SHOW COLUMNS FROM `ordergoods` [ RunTime:0.0168s ]
SQL: SELECT `goodsName` AS `name`,`goodsType` AS `type`,`count` AS `number`,`goodsWeight` AS `weight`,`goodsLength`,`goodsWidth`,`goodsHeight` FROM `ordergoods` WHERE `id` = 1 LIMIT 1   [ RunTime:0.0003s ]
NOTIC: [8] Undefined index: goodsLength E:\zyweb\logistics\App\Api\Model\OrderGoodsModel.class.php 第 31 行.
NOTIC: [8] Undefined index: goodsWidth E:\zyweb\logistics\App\Api\Model\OrderGoodsModel.class.php 第 31 行.
NOTIC: [8] Undefined index: goodsHeight E:\zyweb\logistics\App\Api\Model\OrderGoodsModel.class.php 第 31 行.
INFO: [ app_end ] --START--
INFO: Run Behavior\ShowPageTraceBehavior [ RunTime:0.000459s ]
INFO: [ app_end ] --END-- [ RunTime:0.000558s ]

[ 2017-11-30T22:49:43+08:00 ] 127.0.0.1 /order/index
INFO: [ app_init ] --START--
INFO: Run Behavior\BuildLiteBehavior [ RunTime:0.000037s ]
INFO: [ app_init ] --END-- [ RunTime:0.000608s ]
INFO: [ app_begin ] --START--
INFO: Run Behavior\ReadHtmlCacheBehavior [ RunTime:0.000628s ]
INFO: [ app_begin ] --END-- [ RunTime:0.000795s ]
SQL: SHOW COLUMNS FROM `ordergoods` [ RunTime:0.0100s ]
SQL: SELECT `goodsName` AS `name`,`goodsType` AS `type`,`count` AS `number`,`goodsWeight` AS `weight`,`goodsLength`,`goodsWidth`,`goodsHeight` FROM `ordergoods` WHERE `id` = 1 LIMIT 1   [ RunTime:0.0003s ]
NOTIC: [8] Undefined index: goodsLength E:\zyweb\logistics\App\Api\Model\OrderGoodsModel.class.php 第 31 行.
NOTIC: [8] Undefined index: goodsWidth E:\zyweb\logistics\App\Api\Model\OrderGoodsModel.class.php 第 31 行.
NOTIC: [8] Undefined index: goodsHeight E:\zyweb\logistics\App\Api\Model\OrderGoodsModel.class.php 第 31 行.
INFO: [ app_end ] --START--
INFO: Run Behavior\ShowPageTraceBehavior [ RunTime:0.000465s ]
INFO: [ app_end ] --END-- [ RunTime:0.000565s ]

[ 2017-11-30T22:49:43+08:00 ] 127.0.0.1 /order/index
INFO: [ app_init ] --START--
INFO: Run Behavior\BuildLiteBehavior [ RunTime:0.000043s ]
INFO: [ app_init ] --END-- [ RunTime:0.000731s ]
INFO: [ app_begin ] --START--
INFO: Run Behavior\ReadHtmlCacheBehavior [ RunTime:0.000801s ]
INFO: [ app_begin ] --END-- [ RunTime:0.001010s ]
SQL: SHOW COLUMNS FROM `ordergoods` [ RunTime:0.0077s ]
SQL: SELECT `goodsName` AS `name`,`goodsType` AS `type`,`count` AS `number`,`goodsWeight` AS `weight`,`goodsLength`,`goodsWidth`,`goodsHeight` FROM `ordergoods` WHERE `id` = 1 LIMIT 1   [ RunTime:0.0002s ]
NOTIC: [8] Undefined index: goodsLength E:\zyweb\logistics\App\Api\Model\OrderGoodsModel.class.php 第 31 行.
NOTIC: [8] Undefined index: goodsWidth E:\zyweb\logistics\App\Api\Model\OrderGoodsModel.class.php 第 31 行.
NOTIC: [8] Undefined index: goodsHeight E:\zyweb\logistics\App\Api\Model\OrderGoodsModel.class.php 第 31 行.
INFO: [ app_end ] --START--
INFO: Run Behavior\ShowPageTraceBehavior [ RunTime:0.000565s ]
INFO: [ app_end ] --END-- [ RunTime:0.000689s ]

[ 2017-11-30T22:49:55+08:00 ] 127.0.0.1 /order/index
INFO: [ app_init ] --START--
INFO: Run Behavior\BuildLiteBehavior [ RunTime:0.000038s ]
INFO: [ app_init ] --END-- [ RunTime:0.000637s ]
INFO: [ app_begin ] --START--
INFO: Run Behavior\ReadHtmlCacheBehavior [ RunTime:0.000837s ]
INFO: [ app_begin ] --END-- [ RunTime:0.000996s ]
SQL: SHOW COLUMNS FROM `ordergoods` [ RunTime:0.0129s ]
SQL: SELECT `goodsName` AS `name`,`goodsType` AS `type`,`count` AS `number`,`goodsWeight` AS `weight`,`goodsLength`,`goodsWidth`,`goodsHeight` FROM `ordergoods` WHERE `id` = 1 LIMIT 1   [ RunTime:0.0003s ]
NOTIC: [8] Undefined index: goodsLength E:\zyweb\logistics\App\Api\Model\OrderGoodsModel.class.php 第 31 行.
NOTIC: [8] Undefined index: goodsWidth E:\zyweb\logistics\App\Api\Model\OrderGoodsModel.class.php 第 31 行.
NOTIC: [8] Undefined index: goodsHeight E:\zyweb\logistics\App\Api\Model\OrderGoodsModel.class.php 第 31 行.
INFO: [ app_end ] --START--
INFO: Run Behavior\ShowPageTraceBehavior [ RunTime:0.000460s ]
INFO: [ app_end ] --END-- [ RunTime:0.000561s ]

[ 2017-11-30T22:50:03+08:00 ] 127.0.0.1 /order/index
INFO: [ app_init ] --START--
INFO: Run Behavior\BuildLiteBehavior [ RunTime:0.000035s ]
INFO: [ app_init ] --END-- [ RunTime:0.000588s ]
INFO: [ app_begin ] --START--
INFO: Run Behavior\ReadHtmlCacheBehavior [ RunTime:0.000650s ]
INFO: [ app_begin ] --END-- [ RunTime:0.000864s ]
SQL: SHOW COLUMNS FROM `ordergoods` [ RunTime:0.0182s ]
SQL: SELECT `goodsName` AS `name`,`goodsType` AS `type`,`count` AS `number`,`goodsWeight` AS `weight`,`goodsLength`,`goodsWidth`,`goodsHeight` FROM `ordergoods` WHERE `id` = 1 LIMIT 1   [ RunTime:0.0004s ]
NOTIC: [8] Undefined index: goodsLength E:\zyweb\logistics\App\Api\Model\OrderGoodsModel.class.php 第 31 行.
NOTIC: [8] Undefined index: goodsWidth E:\zyweb\logistics\App\Api\Model\OrderGoodsModel.class.php 第 31 行.
NOTIC: [8] Undefined index: goodsHeight E:\zyweb\logistics\App\Api\Model\OrderGoodsModel.class.php 第 31 行.
INFO: [ app_end ] --START--
INFO: Run Behavior\ShowPageTraceBehavior [ RunTime:0.000747s ]
INFO: [ app_end ] --END-- [ RunTime:0.000920s ]

[ 2017-11-30T22:50:23+08:00 ] 127.0.0.1 /order/index
INFO: [ app_init ] --START--
INFO: Run Behavior\BuildLiteBehavior [ RunTime:0.000046s ]
INFO: [ app_init ] --END-- [ RunTime:0.000641s ]
INFO: [ app_begin ] --START--
INFO: Run Behavior\ReadHtmlCacheBehavior [ RunTime:0.000674s ]
INFO: [ app_begin ] --END-- [ RunTime:0.000858s ]
SQL: SHOW COLUMNS FROM `ordergoods` [ RunTime:0.0141s ]
SQL: SELECT `goodsName` AS `name`,`goodsType` AS `type`,`count` AS `number`,`goodsWeight` AS `weight`,`goodsLength`,`goodsWidth`,`goodsHeight` FROM `ordergoods` WHERE `id` = 1 LIMIT 1   [ RunTime:0.0002s ]
NOTIC: [8] Undefined index: goodsLength E:\zyweb\logistics\App\Api\Model\OrderGoodsModel.class.php 第 31 行.
NOTIC: [8] Undefined index: goodsWidth E:\zyweb\logistics\App\Api\Model\OrderGoodsModel.class.php 第 31 行.
NOTIC: [8] Undefined index: goodsHeight E:\zyweb\logistics\App\Api\Model\OrderGoodsModel.class.php 第 31 行.
INFO: [ app_end ] --START--
INFO: Run Behavior\ShowPageTraceBehavior [ RunTime:0.000561s ]
INFO: [ app_end ] --END-- [ RunTime:0.000691s ]

[ 2017-11-30T22:50:43+08:00 ] 127.0.0.1 /order/index
INFO: [ app_init ] --START--
INFO: Run Behavior\BuildLiteBehavior [ RunTime:0.000052s ]
INFO: [ app_init ] --END-- [ RunTime:0.000898s ]
INFO: [ app_begin ] --START--
INFO: Run Behavior\ReadHtmlCacheBehavior [ RunTime:0.000964s ]
INFO: [ app_begin ] --END-- [ RunTime:0.001234s ]

[ 2017-11-30T22:50:48+08:00 ] 127.0.0.1 /order/index
INFO: [ app_init ] --START--
INFO: Run Behavior\BuildLiteBehavior [ RunTime:0.000040s ]
INFO: [ app_init ] --END-- [ RunTime:0.000679s ]
INFO: [ app_begin ] --START--
INFO: Run Behavior\ReadHtmlCacheBehavior [ RunTime:0.000670s ]
INFO: [ app_begin ] --END-- [ RunTime:0.000851s ]
SQL: SHOW COLUMNS FROM `ordergoods` [ RunTime:0.0153s ]
SQL: SELECT `goodsName` AS `name`,`goodsType` AS `type`,`count` AS `number`,`goodsWeight` AS `weight`,`goodsLength`,`goodsWidth`,`goodsHeight` FROM `ordergoods` WHERE `id` = 1 LIMIT 1   [ RunTime:0.0003s ]
INFO: [ app_end ] --START--
INFO: Run Behavior\ShowPageTraceBehavior [ RunTime:0.000464s ]
INFO: [ app_end ] --END-- [ RunTime:0.000566s ]

[ 2017-11-30T22:51:25+08:00 ] 127.0.0.1 /order/index
INFO: [ app_init ] --START--
INFO: Run Behavior\BuildLiteBehavior [ RunTime:0.000046s ]
INFO: [ app_init ] --END-- [ RunTime:0.000899s ]
INFO: [ app_begin ] --START--
INFO: Run Behavior\ReadHtmlCacheBehavior [ RunTime:0.001223s ]
INFO: [ app_begin ] --END-- [ RunTime:0.001470s ]
SQL: SHOW COLUMNS FROM `ordergoods` [ RunTime:0.0121s ]
SQL: SELECT `goodsName` AS `name`,`goodsType` AS `type`,`count` AS `number`,`goodsWeight` AS `weight`,`goodsLength`,`goodsWidth`,`goodsHeight` FROM `ordergoods` WHERE `id` = 1 LIMIT 1   [ RunTime:0.0002s ]
NOTIC: [8] Undefined index: goodsLength E:\zyweb\logistics\App\Api\Model\OrderGoodsModel.class.php 第 31 行.
NOTIC: [8] Undefined index: goodsWidth E:\zyweb\logistics\App\Api\Model\OrderGoodsModel.class.php 第 31 行.
NOTIC: [8] Undefined index: goodsHeight E:\zyweb\logistics\App\Api\Model\OrderGoodsModel.class.php 第 31 行.
INFO: [ app_end ] --START--
INFO: Run Behavior\ShowPageTraceBehavior [ RunTime:0.000738s ]
INFO: [ app_end ] --END-- [ RunTime:0.000885s ]

[ 2017-11-30T22:51:58+08:00 ] 127.0.0.1 /order/index
INFO: [ app_init ] --START--
INFO: Run Behavior\BuildLiteBehavior [ RunTime:0.000049s ]
INFO: [ app_init ] --END-- [ RunTime:0.000964s ]
INFO: [ app_begin ] --START--
INFO: Run Behavior\ReadHtmlCacheBehavior [ RunTime:0.001157s ]
INFO: [ app_begin ] --END-- [ RunTime:0.001385s ]
SQL: SHOW COLUMNS FROM `ordergoods` [ RunTime:0.0123s ]
SQL: SELECT `goodsName` AS `name`,`goodsType` AS `type`,`count` AS `number`,`goodsWeight` AS `weight`,`goodsLength`,`goodsWidth`,`goodsHeight` FROM `ordergoods` WHERE `id` = 1 LIMIT 1   [ RunTime:0.0002s ]
NOTIC: [8] Undefined index: goodsLength E:\zyweb\logistics\App\Api\Model\OrderGoodsModel.class.php 第 31 行.
NOTIC: [8] Undefined index: goodsLength E:\zyweb\logistics\App\Api\Model\OrderGoodsModel.class.php 第 32 行.
NOTIC: [8] Undefined index: goodsWidth E:\zyweb\logistics\App\Api\Model\OrderGoodsModel.class.php 第 32 行.
NOTIC: [8] Undefined index: goodsHeight E:\zyweb\logistics\App\Api\Model\OrderGoodsModel.class.php 第 32 行.
INFO: [ app_end ] --START--
INFO: Run Behavior\ShowPageTraceBehavior [ RunTime:0.000723s ]
INFO: [ app_end ] --END-- [ RunTime:0.000838s ]

[ 2017-11-30T22:54:27+08:00 ] 127.0.0.1 /order/index
INFO: [ app_init ] --START--
INFO: Run Behavior\BuildLiteBehavior [ RunTime:0.000039s ]
INFO: [ app_init ] --END-- [ RunTime:0.000799s ]
INFO: [ app_begin ] --START--
INFO: Run Behavior\ReadHtmlCacheBehavior [ RunTime:0.000682s ]
INFO: [ app_begin ] --END-- [ RunTime:0.000849s ]
SQL: SHOW COLUMNS FROM `ordergoods` [ RunTime:0.0128s ]
SQL: SELECT `goodsName` AS `name`,`goodsType` AS `type`,`count` AS `number`,`goodsWeight` AS `weight`,`goodsLength`,`goodsWidth`,`goodsHeight` FROM `ordergoods` WHERE `id` = 1 LIMIT 1   [ RunTime:0.0003s ]
NOTIC: [8] Undefined index: goodsHeight E:\zyweb\logistics\App\Api\Model\OrderGoodsModel.class.php 第 31 行.

[ 2017-11-30T22:54:35+08:00 ] 127.0.0.1 /order/index
INFO: [ app_init ] --START--
INFO: Run Behavior\BuildLiteBehavior [ RunTime:0.000047s ]
INFO: [ app_init ] --END-- [ RunTime:0.000882s ]
INFO: [ app_begin ] --START--
INFO: Run Behavior\ReadHtmlCacheBehavior [ RunTime:0.001171s ]
INFO: [ app_begin ] --END-- [ RunTime:0.001397s ]

[ 2017-11-30T22:55:19+08:00 ] 127.0.0.1 /order/index
INFO: [ app_init ] --START--
INFO: Run Behavior\BuildLiteBehavior [ RunTime:0.000068s ]
INFO: [ app_init ] --END-- [ RunTime:0.001240s ]
INFO: [ app_begin ] --START--
INFO: Run Behavior\ReadHtmlCacheBehavior [ RunTime:0.000526s ]
INFO: [ app_begin ] --END-- [ RunTime:0.000689s ]
SQL: SHOW COLUMNS FROM `ordergoods` [ RunTime:0.0164s ]
SQL: SELECT `goodsName` AS `name`,`goodsType` AS `type`,`count` AS `number`,`goodsWeight` AS `weight`,`goodsLength`,`goodsWidth`,`goodsHeight` FROM `ordergoods` WHERE `id` = 1 LIMIT 1   [ RunTime:0.0003s ]
NOTIC: [8] Undefined index: goodsHeight E:\zyweb\logistics\App\Api\Model\OrderGoodsModel.class.php 第 31 行.

[ 2017-11-30T22:56:39+08:00 ] 127.0.0.1 /order/index
INFO: [ app_init ] --START--
INFO: Run Behavior\BuildLiteBehavior [ RunTime:0.000039s ]
INFO: [ app_init ] --END-- [ RunTime:0.000751s ]
INFO: [ app_begin ] --START--
INFO: Run Behavior\ReadHtmlCacheBehavior [ RunTime:0.001004s ]
INFO: [ app_begin ] --END-- [ RunTime:0.001203s ]
SQL: SHOW COLUMNS FROM `ordergoods` [ RunTime:0.0135s ]
SQL: SELECT `goodsName` AS `name`,`goodsType` AS `type`,`count` AS `number`,`goodsWeight` AS `weight`,`goodsLength`,`goodsWidth`,`goodsHeight` FROM `ordergoods` WHERE `id` = 1 LIMIT 1   [ RunTime:0.0003s ]

[ 2017-11-30T22:57:05+08:00 ] 127.0.0.1 /order/index
INFO: [ app_init ] --START--
INFO: Run Behavior\BuildLiteBehavior [ RunTime:0.000038s ]
INFO: [ app_init ] --END-- [ RunTime:0.000740s ]
INFO: [ app_begin ] --START--
INFO: Run Behavior\ReadHtmlCacheBehavior [ RunTime:0.000956s ]
INFO: [ app_begin ] --END-- [ RunTime:0.001134s ]
SQL: SHOW COLUMNS FROM `ordergoods` [ RunTime:0.0118s ]
SQL: SELECT `goodsName` AS `name`,`goodsType` AS `type`,`count` AS `number`,`goodsWeight` AS `weight`,`goodsLength`,`goodsWidth`,`goodsHeight` FROM `ordergoods` WHERE `id` = 1 LIMIT 1   [ RunTime:0.0003s ]
NOTIC: [8] Undefined index: goodsHeight E:\zyweb\logistics\App\Api\Model\OrderGoodsModel.class.php 第 31 行.

[ 2017-11-30T22:58:38+08:00 ] 127.0.0.1 /order/index
INFO: [ app_init ] --START--
INFO: Run Behavior\BuildLiteBehavior [ RunTime:0.000054s ]
INFO: [ app_init ] --END-- [ RunTime:0.000903s ]
INFO: [ app_begin ] --START--
INFO: Run Behavior\ReadHtmlCacheBehavior [ RunTime:0.000957s ]
INFO: [ app_begin ] --END-- [ RunTime:0.001221s ]
SQL: SHOW COLUMNS FROM `ordergoods` [ RunTime:0.0128s ]
SQL: SELECT `goodsName` AS `name`,`goodsType` AS `type`,`count` AS `number`,`goodsWeight` AS `weight`,`goodsLength`,`goodsWidth`,`goodsHeight` FROM `ordergoods` WHERE `id` = 1 LIMIT 1   [ RunTime:0.0003s ]
NOTIC: [8] Undefined index: goodsHeight E:\zyweb\logistics\App\Api\Model\OrderGoodsModel.class.php 第 31 行.

[ 2017-11-30T22:59:00+08:00 ] 127.0.0.1 /order/index
INFO: [ app_init ] --START--
INFO: Run Behavior\BuildLiteBehavior [ RunTime:0.000044s ]
INFO: [ app_init ] --END-- [ RunTime:0.000810s ]
INFO: [ app_begin ] --START--
INFO: Run Behavior\ReadHtmlCacheBehavior [ RunTime:0.000871s ]
INFO: [ app_begin ] --END-- [ RunTime:0.001109s ]
SQL: SHOW COLUMNS FROM `ordergoods` [ RunTime:0.0119s ]
SQL: SELECT `goodsName` AS `name`,`goodsType` AS `type`,`count` AS `number`,`goodsWeight` AS `weight`,`goodsLength`,`goodsWidth`,`goodsHeight` FROM `ordergoods` WHERE `id` = 1 LIMIT 1   [ RunTime:0.0003s ]
NOTIC: [8] Undefined index: goodsHeight E:\zyweb\logistics\App\Api\Model\OrderGoodsModel.class.php 第 31 行.

[ 2017-11-30T22:59:08+08:00 ] 127.0.0.1 /order/index
INFO: [ app_init ] --START--
INFO: Run Behavior\BuildLiteBehavior [ RunTime:0.000037s ]
INFO: [ app_init ] --END-- [ RunTime:0.000703s ]
INFO: [ app_begin ] --START--
INFO: Run Behavior\ReadHtmlCacheBehavior [ RunTime:0.000957s ]
INFO: [ app_begin ] --END-- [ RunTime:0.001135s ]
SQL: SHOW COLUMNS FROM `ordergoods` [ RunTime:0.0199s ]
SQL: SELECT `goodsName` AS `name`,`goodsType` AS `type`,`count` AS `number`,`goodsWeight` AS `weight`,`goodsLength`,`goodsWidth`,`goodsHeight` FROM `ordergoods` WHERE `id` = 1 LIMIT 1   [ RunTime:0.0004s ]
NOTIC: [8] Undefined index: goodsHeight E:\zyweb\logistics\App\Api\Model\OrderGoodsModel.class.php 第 31 行.

[ 2017-11-30T22:59:19+08:00 ] 127.0.0.1 /order/index
INFO: [ app_init ] --START--
INFO: Run Behavior\BuildLiteBehavior [ RunTime:0.000038s ]
INFO: [ app_init ] --END-- [ RunTime:0.000735s ]
INFO: [ app_begin ] --START--
INFO: Run Behavior\ReadHtmlCacheBehavior [ RunTime:0.001023s ]
INFO: [ app_begin ] --END-- [ RunTime:0.001219s ]
SQL: SHOW COLUMNS FROM `ordergoods` [ RunTime:0.0137s ]
SQL: SELECT `goodsName` AS `name`,`goodsType` AS `type`,`count` AS `number`,`goodsWeight` AS `weight`,`goodsLength`,`goodsWidth`,`goodsHeight` FROM `ordergoods` WHERE `id` = 1 LIMIT 1   [ RunTime:0.0003s ]
NOTIC: [8] Undefined index: goodsHeight E:\zyweb\logistics\App\Api\Model\OrderGoodsModel.class.php 第 31 行.
NOTIC: [8] Undefined index: goodsHeight E:\zyweb\logistics\App\Api\Model\OrderGoodsModel.class.php 第 32 行.

[ 2017-11-30T22:59:28+08:00 ] 127.0.0.1 /order/index
INFO: [ app_init ] --START--
INFO: Run Behavior\BuildLiteBehavior [ RunTime:0.000024s ]
INFO: [ app_init ] --END-- [ RunTime:0.000483s ]
INFO: [ app_begin ] --START--
INFO: Run Behavior\ReadHtmlCacheBehavior [ RunTime:0.000473s ]
INFO: [ app_begin ] --END-- [ RunTime:0.000607s ]
SQL: SHOW COLUMNS FROM `ordergoods` [ RunTime:0.0129s ]
SQL: SELECT `goodsName` AS `name`,`goodsType` AS `type`,`count` AS `number`,`goodsWeight` AS `weight`,`goodsLength`,`goodsWidth`,`goodsHeight` FROM `ordergoods` WHERE `id` = 1 LIMIT 1   [ RunTime:0.0003s ]
NOTIC: [8] Undefined index: goodsHeight E:\zyweb\logistics\App\Api\Model\OrderGoodsModel.class.php 第 31 行.
NOTIC: [8] Undefined index: goodsHeight E:\zyweb\logistics\App\Api\Model\OrderGoodsModel.class.php 第 32 行.

[ 2017-11-30T22:59:28+08:00 ] 127.0.0.1 /order/index
INFO: [ app_init ] --START--
INFO: Run Behavior\BuildLiteBehavior [ RunTime:0.000035s ]
INFO: [ app_init ] --END-- [ RunTime:0.000587s ]
INFO: [ app_begin ] --START--
INFO: Run Behavior\ReadHtmlCacheBehavior [ RunTime:0.000627s ]
INFO: [ app_begin ] --END-- [ RunTime:0.000800s ]
SQL: SHOW COLUMNS FROM `ordergoods` [ RunTime:0.0118s ]
SQL: SELECT `goodsName` AS `name`,`goodsType` AS `type`,`count` AS `number`,`goodsWeight` AS `weight`,`goodsLength`,`goodsWidth`,`goodsHeight` FROM `ordergoods` WHERE `id` = 1 LIMIT 1   [ RunTime:0.0003s ]
NOTIC: [8] Undefined index: goodsHeight E:\zyweb\logistics\App\Api\Model\OrderGoodsModel.class.php 第 31 行.
NOTIC: [8] Undefined index: goodsHeight E:\zyweb\logistics\App\Api\Model\OrderGoodsModel.class.php 第 32 行.

[ 2017-11-30T22:59:33+08:00 ] 127.0.0.1 /order/index
INFO: [ app_init ] --START--
INFO: Run Behavior\BuildLiteBehavior [ RunTime:0.000043s ]
INFO: [ app_init ] --END-- [ RunTime:0.000847s ]
INFO: [ app_begin ] --START--
INFO: Run Behavior\ReadHtmlCacheBehavior [ RunTime:0.000887s ]
INFO: [ app_begin ] --END-- [ RunTime:0.001079s ]
SQL: SHOW COLUMNS FROM `ordergoods` [ RunTime:0.0152s ]
SQL: SELECT `goodsName` AS `name`,`goodsType` AS `type`,`count` AS `number`,`goodsWeight` AS `weight`,`goodsLength`,`goodsWidth`,`goodsHeight` FROM `ordergoods` WHERE `id` = 1 LIMIT 1   [ RunTime:0.0003s ]
NOTIC: [8] Undefined index: goodsHeight E:\zyweb\logistics\App\Api\Model\OrderGoodsModel.class.php 第 31 行.

[ 2017-11-30T22:59:39+08:00 ] 127.0.0.1 /order/index
INFO: [ app_init ] --START--
INFO: Run Behavior\BuildLiteBehavior [ RunTime:0.000048s ]
INFO: [ app_init ] --END-- [ RunTime:0.000840s ]
INFO: [ app_begin ] --START--
INFO: Run Behavior\ReadHtmlCacheBehavior [ RunTime:0.000890s ]
INFO: [ app_begin ] --END-- [ RunTime:0.001130s ]
SQL: SHOW COLUMNS FROM `ordergoods` [ RunTime:0.0132s ]
SQL: SELECT `goodsName` AS `name`,`goodsType` AS `type`,`count` AS `number`,`goodsWeight` AS `weight`,`goodsLength`,`goodsWidth`,`goodsHeight` FROM `ordergoods` WHERE `id` = 1 LIMIT 1   [ RunTime:0.0003s ]

[ 2017-11-30T22:59:54+08:00 ] 127.0.0.1 /order/index
INFO: [ app_init ] --START--
INFO: Run Behavior\BuildLiteBehavior [ RunTime:0.000034s ]
INFO: [ app_init ] --END-- [ RunTime:0.000580s ]
INFO: [ app_begin ] --START--
INFO: Run Behavior\ReadHtmlCacheBehavior [ RunTime:0.000616s ]
INFO: [ app_begin ] --END-- [ RunTime:0.000782s ]
SQL: SHOW COLUMNS FROM `ordergoods` [ RunTime:0.0156s ]
SQL: SELECT `goodsName` AS `name`,`goodsType` AS `type`,`count` AS `number`,`goodsWeight` AS `weight`,`goodsLength`,`goodsWidth`,`goodsHeight` FROM `ordergoods` WHERE `id` = 1 LIMIT 1   [ RunTime:0.0002s ]

[ 2017-11-30T23:00:09+08:00 ] 127.0.0.1 /order/index
INFO: [ app_init ] --START--
INFO: Run Behavior\BuildLiteBehavior [ RunTime:0.000038s ]
INFO: [ app_init ] --END-- [ RunTime:0.000661s ]
INFO: [ app_begin ] --START--
INFO: Run Behavior\ReadHtmlCacheBehavior [ RunTime:0.000698s ]
INFO: [ app_begin ] --END-- [ RunTime:0.000883s ]
SQL: SHOW COLUMNS FROM `ordergoods` [ RunTime:0.0209s ]
SQL: SELECT `goodsName` AS `name`,`goodsType` AS `type`,`count` AS `number`,`goodsWeight` AS `weight`,`goodsLength`,`goodsWidth`,`goodsHeight` FROM `ordergoods` WHERE `id` = 1 LIMIT 1   [ RunTime:0.0004s ]
INFO: [ app_end ] --START--
INFO: Run Behavior\ShowPageTraceBehavior [ RunTime:0.001033s ]
INFO: [ app_end ] --END-- [ RunTime:0.001223s ]

[ 2017-11-30T23:01:37+08:00 ] 127.0.0.1 /order/index
INFO: [ app_init ] --START--
INFO: Run Behavior\BuildLiteBehavior [ RunTime:0.000021s ]
INFO: [ app_init ] --END-- [ RunTime:0.000398s ]
INFO: [ app_begin ] --START--
INFO: Run Behavior\ReadHtmlCacheBehavior [ RunTime:0.000513s ]
INFO: [ app_begin ] --END-- [ RunTime:0.000612s ]
SQL: SHOW COLUMNS FROM `ordergoods` [ RunTime:0.0125s ]
SQL: SELECT `goodsName` AS `name`,`goodsType` AS `type`,`count` AS `number`,`goodsWeight` AS `weight`,`goodsLength`,`goodsWidth`,`goodsHeight` FROM `ordergoods` WHERE `id` = 1 LIMIT 1   [ RunTime:0.0003s ]
INFO: [ app_end ] --START--
INFO: Run Behavior\ShowPageTraceBehavior [ RunTime:0.000552s ]
INFO: [ app_end ] --END-- [ RunTime:0.000658s ]

[ 2017-11-30T23:02:30+08:00 ] 127.0.0.1 /order/index
INFO: [ app_init ] --START--
INFO: Run Behavior\BuildLiteBehavior [ RunTime:0.000022s ]
INFO: [ app_init ] --END-- [ RunTime:0.000409s ]
INFO: [ app_begin ] --START--
INFO: Run Behavior\ReadHtmlCacheBehavior [ RunTime:0.000530s ]
INFO: [ app_begin ] --END-- [ RunTime:0.000630s ]

[ 2017-11-30T23:02:31+08:00 ] 127.0.0.1 /order/index
INFO: [ app_init ] --START--
INFO: Run Behavior\BuildLiteBehavior [ RunTime:0.000036s ]
INFO: [ app_init ] --END-- [ RunTime:0.000611s ]
INFO: [ app_begin ] --START--
INFO: Run Behavior\ReadHtmlCacheBehavior [ RunTime:0.000665s ]
INFO: [ app_begin ] --END-- [ RunTime:0.000842s ]

[ 2017-11-30T23:02:31+08:00 ] 127.0.0.1 /order/index
INFO: [ app_init ] --START--
INFO: Run Behavior\BuildLiteBehavior [ RunTime:0.000053s ]
INFO: [ app_init ] --END-- [ RunTime:0.000893s ]
INFO: [ app_begin ] --START--
INFO: Run Behavior\ReadHtmlCacheBehavior [ RunTime:0.000945s ]
INFO: [ app_begin ] --END-- [ RunTime:0.001201s ]

[ 2017-11-30T23:02:35+08:00 ] 127.0.0.1 /order/index
INFO: [ app_init ] --START--
INFO: Run Behavior\BuildLiteBehavior [ RunTime:0.000078s ]
INFO: [ app_init ] --END-- [ RunTime:0.000979s ]
INFO: [ app_begin ] --START--
INFO: Run Behavior\ReadHtmlCacheBehavior [ RunTime:0.001367s ]
INFO: [ app_begin ] --END-- [ RunTime:0.001619s ]
SQL: SHOW COLUMNS FROM `ordergoods` [ RunTime:0.0132s ]
SQL: SELECT `goodsName` AS `name`,`goodsType` AS `type`,`count` AS `number`,`goodsWeight` AS `weight`,`goodsLength`,`goodsWidth`,`goodsHeight` FROM `ordergoods` WHERE `id` = 1 LIMIT 1   [ RunTime:0.0003s ]
INFO: [ app_end ] --START--
INFO: Run Behavior\ShowPageTraceBehavior [ RunTime:0.000648s ]
INFO: [ app_end ] --END-- [ RunTime:0.000771s ]

[ 2017-11-30T23:05:55+08:00 ] 127.0.0.1 /order/index
INFO: [ app_init ] --START--
INFO: Run Behavior\BuildLiteBehavior [ RunTime:0.000045s ]
INFO: [ app_init ] --END-- [ RunTime:0.000895s ]
INFO: [ app_begin ] --START--
INFO: Run Behavior\ReadHtmlCacheBehavior [ RunTime:0.001189s ]
INFO: [ app_begin ] --END-- [ RunTime:0.001413s ]
SQL: SHOW COLUMNS FROM `ordergoods` [ RunTime:0.0155s ]
SQL: SELECT `goodsName` AS `name`,`goodsType` AS `type`,`count` AS `number`,`goodsWeight` AS `weight`,`goodsLength`,`goodsWidth`,`goodsHeight` FROM `ordergoods` WHERE `id` = 1 LIMIT 1   [ RunTime:0.0003s ]
INFO: [ app_end ] --START--
INFO: Run Behavior\ShowPageTraceBehavior [ RunTime:0.000755s ]
INFO: [ app_end ] --END-- [ RunTime:0.000891s ]

[ 2017-11-30T23:17:58+08:00 ] 127.0.0.1 /order/index
INFO: [ app_init ] --START--
INFO: Run Behavior\BuildLiteBehavior [ RunTime:0.000034s ]
INFO: [ app_init ] --END-- [ RunTime:0.000677s ]
INFO: [ app_begin ] --START--
INFO: Run Behavior\ReadHtmlCacheBehavior [ RunTime:0.000902s ]
INFO: [ app_begin ] --END-- [ RunTime:0.001079s ]
SQL: SHOW COLUMNS FROM `ordergoods` [ RunTime:0.0158s ]
SQL: SELECT `goodsName` AS `name`,`goodsType` AS `type`,`count` AS `number`,`goodsWeight` AS `weight`,`goodsLength`,`goodsWidth`,`goodsHeight` FROM `ordergoods` WHERE `id` = 1 LIMIT 1   [ RunTime:0.0002s ]

[ 2017-11-30T23:18:31+08:00 ] 127.0.0.1 /order/index
INFO: [ app_init ] --START--
INFO: Run Behavior\BuildLiteBehavior [ RunTime:0.000036s ]
INFO: [ app_init ] --END-- [ RunTime:0.000678s ]
INFO: [ app_begin ] --START--
INFO: Run Behavior\ReadHtmlCacheBehavior [ RunTime:0.001004s ]
INFO: [ app_begin ] --END-- [ RunTime:0.001190s ]
SQL: SHOW COLUMNS FROM `ordergoods` [ RunTime:0.0131s ]
SQL: SELECT `goodsName` AS `name`,`goodsType` AS `type`,`count` AS `number`,`goodsWeight` AS `weight`,`goodsLength`,`goodsWidth`,`goodsHeight` FROM `ordergoods` WHERE `id` = 1 LIMIT 1   [ RunTime:0.0003s ]
ERR: Think\Controller:output方法不存在！

[ 2017-11-30T23:18:31+08:00 ] 127.0.0.1 /order/index
INFO: [ app_init ] --START--
INFO: Run Behavior\BuildLiteBehavior [ RunTime:0.000022s ]
INFO: [ app_init ] --END-- [ RunTime:0.000349s ]
INFO: [ app_begin ] --START--
INFO: Run Behavior\ReadHtmlCacheBehavior [ RunTime:0.000380s ]
INFO: [ app_begin ] --END-- [ RunTime:0.000482s ]
SQL: SHOW COLUMNS FROM `ordergoods` [ RunTime:0.0076s ]
SQL: SELECT `goodsName` AS `name`,`goodsType` AS `type`,`count` AS `number`,`goodsWeight` AS `weight`,`goodsLength`,`goodsWidth`,`goodsHeight` FROM `ordergoods` WHERE `id` = 1 LIMIT 1   [ RunTime:0.0003s ]
ERR: Think\Controller:output方法不存在！

[ 2017-11-30T23:19:40+08:00 ] 127.0.0.1 /order/index
INFO: [ app_init ] --START--
INFO: Run Behavior\BuildLiteBehavior [ RunTime:0.000062s ]
INFO: [ app_init ] --END-- [ RunTime:0.000915s ]
INFO: [ app_begin ] --START--
INFO: Run Behavior\ReadHtmlCacheBehavior [ RunTime:0.001694s ]
INFO: [ app_begin ] --END-- [ RunTime:0.001999s ]
SQL: SHOW COLUMNS FROM `ordergoods` [ RunTime:0.0140s ]
SQL: SELECT `goodsName` AS `name`,`goodsType` AS `type`,`count` AS `number`,`goodsWeight` AS `weight`,`goodsLength`,`goodsWidth`,`goodsHeight` FROM `ordergoods` WHERE `id` = 1 LIMIT 1   [ RunTime:0.0002s ]

[ 2017-11-30T23:24:10+08:00 ] 127.0.0.1 /order/index
INFO: [ app_init ] --START--
INFO: Run Behavior\BuildLiteBehavior [ RunTime:0.000037s ]
INFO: [ app_init ] --END-- [ RunTime:0.000754s ]
INFO: [ app_begin ] --START--
INFO: Run Behavior\ReadHtmlCacheBehavior [ RunTime:0.001031s ]
INFO: [ app_begin ] --END-- [ RunTime:0.001231s ]

[ 2017-11-30T23:28:21+08:00 ] 127.0.0.1 /order/goods
INFO: [ app_init ] --START--
INFO: Run Behavior\BuildLiteBehavior [ RunTime:0.000026s ]
INFO: [ app_init ] --END-- [ RunTime:0.000516s ]
INFO: [ app_begin ] --START--
INFO: Run Behavior\ReadHtmlCacheBehavior [ RunTime:0.000666s ]
INFO: [ app_begin ] --END-- [ RunTime:0.000798s ]
ERR: 非法操作:goods

[ 2017-11-30T23:28:31+08:00 ] 127.0.0.1 /order/getGoods
INFO: [ app_init ] --START--
INFO: Run Behavior\BuildLiteBehavior [ RunTime:0.000021s ]
INFO: [ app_init ] --END-- [ RunTime:0.000402s ]
INFO: [ app_begin ] --START--
INFO: Run Behavior\ReadHtmlCacheBehavior [ RunTime:0.000539s ]
INFO: [ app_begin ] --END-- [ RunTime:0.000643s ]

[ 2017-11-30T23:34:18+08:00 ] 127.0.0.1 /order/getGoods
INFO: [ app_init ] --START--
INFO: Run Behavior\BuildLiteBehavior [ RunTime:0.000024s ]
INFO: [ app_init ] --END-- [ RunTime:0.000440s ]
INFO: [ app_begin ] --START--
INFO: Run Behavior\ReadHtmlCacheBehavior [ RunTime:0.000659s ]
INFO: [ app_begin ] --END-- [ RunTime:0.000776s ]

[ 2017-11-30T23:35:41+08:00 ] 127.0.0.1 /order/getGoods
INFO: [ app_init ] --START--
INFO: Run Behavior\BuildLiteBehavior [ RunTime:0.000028s ]
INFO: [ app_init ] --END-- [ RunTime:0.000465s ]
INFO: [ app_begin ] --START--
INFO: Run Behavior\ReadHtmlCacheBehavior [ RunTime:0.000461s ]
INFO: [ app_begin ] --END-- [ RunTime:0.000595s ]
SQL: SHOW COLUMNS FROM `ordergoods` [ RunTime:0.0194s ]
SQL: SELECT `goodsName` AS `name`,`goodsType` AS `type`,`count` AS `number`,`goodsWeight` AS `weight`,`goodsLength`,`goodsWidth`,`goodsHeight` FROM `ordergoods` WHERE `id` = 1 LIMIT 1   [ RunTime:0.0004s ]

